Log Time :: [2024-08-01 08:55:18] 
 Customer Email : pazhaniyappan@lntecc.com 
 triggered Page action : Delivery Schedule
 ----------------------------------------------------------------------- 
Log Time :: [2024-08-01 08:55:42] 
 Customer Email : pazhaniyappan@lntecc.com 
 triggered Page action : Show Invoice
 ----------------------------------------------------------------------- 
Log Time :: [2024-08-01 08:55:48] 
 Customer Email : pazhaniyappan@lntecc.com 
 triggered Page action : Purchase Order
 ----------------------------------------------------------------------- 
Log Time :: [2024-08-01 08:55:52] 
 Customer Email : pazhaniyappan@lntecc.com 
 triggered Page action : Analytics - Delivery Trends
 ----------------------------------------------------------------------- 
Log Time :: [2024-08-01 08:56:05] 
 Customer Email : pazhaniyappan@lntecc.com 
 triggered Page action : Delivery Schedule
 ----------------------------------------------------------------------- 
Log Time :: [2024-08-01 11:12:12] 
 Customer Email : ramasamy@saravanaenergy.com 
 triggered Page action : Delivery Schedule
 ----------------------------------------------------------------------- 
Log Time :: [2024-08-01 11:12:31] 
 Customer Email : ramasamy@saravanaenergy.com 
 triggered Page action : Show Invoice
 ----------------------------------------------------------------------- 
Log Time :: [2024-08-01 18:06:40] 
 Customer Email : ramasamy@saravanaenergy.com 
 triggered Page action : Analytics - Delivery Trends
 ----------------------------------------------------------------------- 
Log Time :: [2024-08-03 11:39:16] 
 Customer Email : ramasamy@saravanaenergy.com 
 triggered Page action : Analytics - Delivery Trends
 ----------------------------------------------------------------------- 
Log Time :: [2024-08-03 11:40:23] 
 Customer Email : ramasamy@saravanaenergy.com 
 triggered Page action : Delivery Schedule
 ----------------------------------------------------------------------- 
Log Time :: [2024-08-03 11:41:23] 
 Customer Email : ramasamy@saravanaenergy.com 
 triggered Page action : RFQ List
 ----------------------------------------------------------------------- 
Log Time :: [2024-08-03 13:11:34] 
 Customer Email : ramasamy@saravanaenergy.com 
 triggered Page action : Analytics - Delivery Trends
 ----------------------------------------------------------------------- 
Log Time :: [2024-08-03 13:12:06] 
 Customer Email : ramasamy@saravanaenergy.com 
 triggered Page action : Delivery Schedule
 ----------------------------------------------------------------------- 
Log Time :: [2024-08-06 16:41:37] 
 Customer Email : pierre.burton@paclp.com 
 triggered Page action : Summary
 ----------------------------------------------------------------------- 
Log Time :: [2024-08-07 10:49:38] 
 Customer Email : ramasamy@saravanaenergy.com 
 triggered Page action : Show Invoice
 ----------------------------------------------------------------------- 
Log Time :: [2024-08-07 10:49:47] 
 Customer Email : ramasamy@saravanaenergy.com 
 triggered Page action : Analytics - Delivery Trends
 ----------------------------------------------------------------------- 
Log Time :: [2024-08-07 10:51:04] 
 Customer Email : ramasamy@saravanaenergy.com 
 triggered Page action : Delivery Schedule
 ----------------------------------------------------------------------- 
Log Time :: [2024-08-07 11:01:05] 
 Customer Email : pazhaniyappan@lntecc.com 
 triggered Page action : Show Invoice
 ----------------------------------------------------------------------- 
Log Time :: [2024-08-07 11:33:27] 
 Customer Email : pazhaniyappan@lntecc.com 
 triggered Page action : Project Dashboard
 ----------------------------------------------------------------------- 
Log Time :: [2024-08-07 11:33:41] 
 Customer Email : pazhaniyappan@lntecc.com 
 triggered Page action : Project Dashboard
 ----------------------------------------------------------------------- 
Log Time :: [2024-08-07 11:40:43] 
 Customer Email : ramasamy@saravanaenergy.com 
 triggered Page action : Project Dashboard
 ----------------------------------------------------------------------- 
Log Time :: [2024-08-07 11:42:33] 
 Customer Email : ramasamy@saravanaenergy.com 
 triggered Page action : Project Dashboard
 ----------------------------------------------------------------------- 
Log Time :: [2024-08-07 11:52:16] 
 Customer Email : ramasamy@saravanaenergy.com 
 triggered Page action : Project Dashboard
 ----------------------------------------------------------------------- 
Log Time :: [2024-08-07 11:53:30] 
 Customer Email : pazhaniyappan@lntecc.com 
 triggered Page action : Purchase Order
 ----------------------------------------------------------------------- 
Log Time :: [2024-08-07 12:19:06] 
 Customer Email : ramasamy@saravanaenergy.com 
 triggered Page action : Purchase Order
 ----------------------------------------------------------------------- 
Log Time :: [2024-08-07 12:19:39] 
 Customer Email : ramasamy@saravanaenergy.com 
 triggered Page action : Analytics - Delivery Trends
 ----------------------------------------------------------------------- 
Log Time :: [2024-08-07 12:53:30] 
 Customer Email : pazhaniyappan@lntecc.com 
 triggered Page action : Show Invoice
 ----------------------------------------------------------------------- 
Log Time :: [2024-08-07 17:00:24] 
 Customer Email : ramasamy@saravanaenergy.com 
 triggered Page action : Project Dashboard
 ----------------------------------------------------------------------- 
Log Time :: [2024-08-07 17:00:24] 
 Customer Email : ramasamy@saravanaenergy.com 
 triggered Page action : Project Dashboard
 ----------------------------------------------------------------------- 
Log Time :: [2024-08-08 08:17:51] 
 Customer Email : ramasamy@saravanaenergy.com 
 triggered Page action : Project Dashboard
 ----------------------------------------------------------------------- 
Log Time :: [2024-08-10 10:13:55] 
 Customer Email : ramasamy@saravanaenergy.com 
 triggered Page action : Analytics - Delivery Trends
 ----------------------------------------------------------------------- 
Log Time :: [2024-08-12 10:05:18] 
 Customer Email : ramasamy@saravanaenergy.com 
 triggered Page action : Analytics - Delivery Trends
 ----------------------------------------------------------------------- 
Log Time :: [2024-08-12 10:05:52] 
 Customer Email : ramasamy@saravanaenergy.com 
 triggered Page action : Delivery Schedule
 ----------------------------------------------------------------------- 
Log Time :: [2024-08-12 10:08:43] 
 Customer Email : ramasamy@saravanaenergy.com 
 triggered Page action : Summary
 ----------------------------------------------------------------------- 
Log Time :: [2024-08-16 14:42:31] 
 Customer Email : ramasamy@saravanaenergy.com 
 triggered Page action : Delivery Schedule
 ----------------------------------------------------------------------- 
Log Time :: [2024-08-16 14:49:28] 
 Customer Email : ramasamy@saravanaenergy.com 
 triggered Page action : Show Invoice
 ----------------------------------------------------------------------- 
Log Time :: [2024-08-16 14:49:34] 
 Customer Email : ramasamy@saravanaenergy.com 
 triggered Page action : Your Partner
 ----------------------------------------------------------------------- 
Log Time :: [2024-08-16 14:49:42] 
 Customer Email : ramasamy@saravanaenergy.com 
 triggered Page action : Create RFQ
 ----------------------------------------------------------------------- 
Log Time :: [2024-08-16 15:13:09] 
 Customer Email : pierre.burton@paclp.com 
 triggered Page action : Project Dashboard
 ----------------------------------------------------------------------- 
Log Time :: [2024-08-16 15:14:51] 
 Customer Email : pierre.burton@paclp.com 
 triggered Page action : Summary
 ----------------------------------------------------------------------- 
Log Time :: [2024-08-16 15:20:56] 
 Customer Email : pierre.burton@paclp.com 
 triggered Page action : Purchase Order
 ----------------------------------------------------------------------- 
Log Time :: [2024-08-16 15:20:59] 
 Customer Email : pierre.burton@paclp.com 
 triggered Page action : Price Approval
 ----------------------------------------------------------------------- 
Log Time :: [2024-08-16 15:22:55] 
 Customer Email : pierre.burton@paclp.com 
 triggered Page action : Price Approval
 ----------------------------------------------------------------------- 
Log Time :: [2024-08-16 15:29:31] 
 Customer Email : pierre.burton@paclp.com 
 triggered Page action : Price Approval
 ----------------------------------------------------------------------- 
Log Time :: [2024-08-16 15:29:49] 
 Customer Email : pierre.burton@paclp.com 
 triggered Page action : Summary
 ----------------------------------------------------------------------- 
Log Time :: [2024-08-16 15:38:42] 
 Customer Email : ramasamy@saravanaenergy.com 
 triggered Page action : Analytics - Delivery Trends
 ----------------------------------------------------------------------- 
Log Time :: [2024-08-16 15:40:09] 
 Customer Email : ramasamy@saravanaenergy.com 
 triggered Page action : Price Approval
 ----------------------------------------------------------------------- 
Log Time :: [2024-08-16 15:40:18] 
 Customer Email : ramasamy@saravanaenergy.com 
 triggered Page action : Analytics - Delivery Trends
 ----------------------------------------------------------------------- 
Log Time :: [2024-08-16 15:40:38] 
 Customer Email : ramasamy@saravanaenergy.com 
 triggered Page action : Price Approval
 ----------------------------------------------------------------------- 
Log Time :: [2024-08-16 15:41:16] 
 Customer Email : ramasamy@saravanaenergy.com 
 triggered Page action : Price Approval
 ----------------------------------------------------------------------- 
Log Time :: [2024-08-16 15:41:19] 
 Customer Email : ramasamy@saravanaenergy.com 
 triggered Page action : Analytics - Delivery Trends
 ----------------------------------------------------------------------- 
Log Time :: [2024-08-16 15:41:22] 
 Customer Email : ramasamy@saravanaenergy.com 
 triggered Page action : Price Approval
 ----------------------------------------------------------------------- 
Log Time :: [2024-08-16 15:41:37] 
 Customer Email : ramasamy@saravanaenergy.com 
 triggered Page action : Price Approval
 ----------------------------------------------------------------------- 
Log Time :: [2024-08-16 15:42:27] 
 Customer Email : ramasamy@saravanaenergy.com 
 triggered Page action : Price Approval
 ----------------------------------------------------------------------- 
Log Time :: [2024-08-16 15:42:33] 
 Customer Email : ramasamy@saravanaenergy.com 
 triggered Page action : Price Approval
 ----------------------------------------------------------------------- 
Log Time :: [2024-08-16 15:45:36] 
 Customer Email : ramasamy@saravanaenergy.com 
 triggered Page action : Price Approval
 ----------------------------------------------------------------------- 
Log Time :: [2024-08-16 15:45:38] 
 Customer Email : ramasamy@saravanaenergy.com 
 triggered Page action : Show Invoice
 ----------------------------------------------------------------------- 
Log Time :: [2024-08-16 15:45:49] 
 Customer Email : ramasamy@saravanaenergy.com 
 triggered Page action : Analytics - Delivery Trends
 ----------------------------------------------------------------------- 
Log Time :: [2024-08-16 15:46:05] 
 Customer Email : ramasamy@saravanaenergy.com 
 triggered Page action : Delivery Schedule
 ----------------------------------------------------------------------- 
Log Time :: [2024-08-16 15:46:15] 
 Customer Email : ramasamy@saravanaenergy.com 
 triggered Page action : Project Dashboard
 ----------------------------------------------------------------------- 
Log Time :: [2024-08-16 15:49:11] 
 Customer Email : ramasamy@saravanaenergy.com 
 triggered Page action : Price Approval
 ----------------------------------------------------------------------- 
Log Time :: [2024-08-16 15:49:57] 
 Customer Email : ramasamy@saravanaenergy.com 
 triggered Page action : Price Approval
 ----------------------------------------------------------------------- 
Log Time :: [2024-08-16 15:50:07] 
 Customer Email : ramasamy@saravanaenergy.com 
 triggered Page action : Purchase Order
 ----------------------------------------------------------------------- 
Log Time :: [2024-08-16 15:51:24] 
 Customer Email : ramasamy@saravanaenergy.com 
 triggered Page action : Show Invoice
 ----------------------------------------------------------------------- 
Log Time :: [2024-08-16 15:51:40] 
 Customer Email : ramasamy@saravanaenergy.com 
 triggered Page action : Your Partner
 ----------------------------------------------------------------------- 
Log Time :: [2024-08-16 15:51:52] 
 Customer Email : ramasamy@saravanaenergy.com 
 triggered Page action : Delivery Schedule
 ----------------------------------------------------------------------- 
Log Time :: [2024-08-16 15:52:11] 
 Customer Email : nivethan@stellarfashion.in 
 triggered Page action : Your Partner
 ----------------------------------------------------------------------- 
Log Time :: [2024-08-16 15:52:21] 
 Customer Email : nivethan@stellarfashion.in 
 triggered Page action : Analytics - Delivery Trends
 ----------------------------------------------------------------------- 
Log Time :: [2024-08-16 15:53:11] 
 Customer Email : ramasamy@saravanaenergy.com 
 triggered Page action : Create RFQ
 ----------------------------------------------------------------------- 
Log Time :: [2024-08-16 16:05:14] 
 Customer Email : ramasamy@saravanaenergy.com 
 triggered Page action : Show Invoice
 ----------------------------------------------------------------------- 
Log Time :: [2024-08-16 16:29:05] 
 Customer Email : ramasamy@saravanaenergy.com 
 triggered Page action : Analytics - Delivery Trends
 ----------------------------------------------------------------------- 
Log Time :: [2024-08-16 16:30:42] 
 Customer Email : ramasamy@saravanaenergy.com 
 triggered Page action : Delivery Schedule
 ----------------------------------------------------------------------- 
Log Time :: [2024-08-16 16:31:51] 
 Customer Email : ramasamy@saravanaenergy.com 
 triggered Page action : Your Partner
 ----------------------------------------------------------------------- 
Log Time :: [2024-08-16 16:32:31] 
 Customer Email : ramasamy@saravanaenergy.com 
 triggered Page action : Price Approval
 ----------------------------------------------------------------------- 
Log Time :: [2024-08-16 16:33:10] 
 Customer Email : ramasamy@saravanaenergy.com 
 triggered Page action : Analytics - Delivery Trends
 ----------------------------------------------------------------------- 
Log Time :: [2024-08-16 16:34:20] 
 Customer Email : ramasamy@saravanaenergy.com 
 triggered Page action : Delivery Schedule
 ----------------------------------------------------------------------- 
Log Time :: [2024-08-16 16:37:01] 
 Customer Email : ramasamy@saravanaenergy.com 
 triggered Page action : Delivery Schedule
 ----------------------------------------------------------------------- 
Log Time :: [2024-08-16 16:38:52] 
 Customer Email : ramasamy@saravanaenergy.com 
 triggered Page action : Your Partner
 ----------------------------------------------------------------------- 
Log Time :: [2024-08-16 16:43:27] 
 Customer Email : ramasamy@saravanaenergy.com 
 triggered Page action : Delivery Schedule
 ----------------------------------------------------------------------- 
Log Time :: [2024-08-16 16:54:03] 
 Customer Email : ramasamy@saravanaenergy.com 
 triggered Page action : Price Approval
 ----------------------------------------------------------------------- 
Log Time :: [2024-08-16 17:02:54] 
 Customer Email : ramasamy@saravanaenergy.com 
 triggered Page action : RFQ List
 ----------------------------------------------------------------------- 
Log Time :: [2024-08-16 17:15:36] 
 Customer Email : ramasamy@saravanaenergy.com 
 triggered Page action : Analytics - Delivery Trends
 ----------------------------------------------------------------------- 
Log Time :: [2024-08-17 10:23:18] 
 Customer Email : pierre.burton@paclp.com 
 triggered Page action : Delivery Schedule
 ----------------------------------------------------------------------- 
Log Time :: [2024-08-17 10:23:41] 
 Customer Email : pierre.burton@paclp.com 
 triggered Page action : Your Partner
 ----------------------------------------------------------------------- 
Log Time :: [2024-08-17 10:27:16] 
 Customer Email : pierre.burton@paclp.com 
 triggered Page action : Show Invoice
 ----------------------------------------------------------------------- 
Log Time :: [2024-08-17 10:27:35] 
 Customer Email : pierre.burton@paclp.com 
 triggered Page action : Project Dashboard
 ----------------------------------------------------------------------- 
Log Time :: [2024-08-17 10:41:49] 
 Customer Email : pierre.burton@paclp.com 
 triggered Page action : Analytics - Delivery Trends
 ----------------------------------------------------------------------- 
Log Time :: [2024-08-17 10:42:07] 
 Customer Email : pierre.burton@paclp.com 
 triggered Page action : Your Partner
 ----------------------------------------------------------------------- 
Log Time :: [2024-08-17 10:42:14] 
 Customer Email : pierre.burton@paclp.com 
 triggered Page action : Delivery Schedule
 ----------------------------------------------------------------------- 
Log Time :: [2024-08-17 10:42:20] 
 Customer Email : pierre.burton@paclp.com 
 triggered Page action : Show Invoice
 ----------------------------------------------------------------------- 
Log Time :: [2024-08-17 10:42:27] 
 Customer Email : pierre.burton@paclp.com 
 triggered Page action : Price Approval
 ----------------------------------------------------------------------- 
Log Time :: [2024-08-17 10:42:32] 
 Customer Email : pierre.burton@paclp.com 
 triggered Page action : Create RFQ
 ----------------------------------------------------------------------- 
Log Time :: [2024-08-17 10:43:57] 
 Customer Email : ramasamy@saravanaenergy.com 
 triggered Page action : Show Invoice
 ----------------------------------------------------------------------- 
Log Time :: [2024-08-17 10:49:47] 
 Customer Email : ramasamy@saravanaenergy.com 
 triggered Page action : Your Partner
 ----------------------------------------------------------------------- 
Log Time :: [2024-08-17 10:49:59] 
 Customer Email : ramasamy@saravanaenergy.com 
 triggered Page action : Your Partner
 ----------------------------------------------------------------------- 
Log Time :: [2024-08-17 10:50:13] 
 Customer Email : ramasamy@saravanaenergy.com 
 triggered Page action : Price Approval
 ----------------------------------------------------------------------- 
Log Time :: [2024-08-17 10:50:13] 
 Customer Email : ramasamy@saravanaenergy.com 
 triggered Page action : Show Invoice
 ----------------------------------------------------------------------- 
Log Time :: [2024-08-17 10:50:23] 
 Customer Email : ramasamy@saravanaenergy.com 
 triggered Page action : Purchase Order
 ----------------------------------------------------------------------- 
Log Time :: [2024-08-17 10:51:48] 
 Customer Email : ramasamy@saravanaenergy.com 
 triggered Page action : Summary
 ----------------------------------------------------------------------- 
Log Time :: [2024-08-17 11:37:19] 
 Customer Email : ramasamy@saravanaenergy.com 
 triggered Page action : Delivery Schedule
 ----------------------------------------------------------------------- 
Log Time :: [2024-08-17 11:39:04] 
 Customer Email : ramasamy@saravanaenergy.com 
 triggered Page action : Your Partner
 ----------------------------------------------------------------------- 
Log Time :: [2024-08-17 11:39:08] 
 Customer Email : ramasamy@saravanaenergy.com 
 triggered Page action : Delivery Schedule
 ----------------------------------------------------------------------- 
Log Time :: [2024-08-17 11:40:16] 
 Customer Email : ramasamy@saravanaenergy.com 
 triggered Page action : Delivery Schedule
 ----------------------------------------------------------------------- 
Log Time :: [2024-08-17 11:40:19] 
 Customer Email : ramasamy@saravanaenergy.com 
 triggered Page action : Your Partner
 ----------------------------------------------------------------------- 
Log Time :: [2024-08-17 11:40:42] 
 Customer Email : ramasamy@saravanaenergy.com 
 triggered Page action : Delivery Schedule
 ----------------------------------------------------------------------- 
Log Time :: [2024-08-17 11:41:45] 
 Customer Email : ramasamy@saravanaenergy.com 
 triggered Page action : Delivery Schedule
 ----------------------------------------------------------------------- 
Log Time :: [2024-08-17 11:43:24] 
 Customer Email : ramasamy@saravanaenergy.com 
 triggered Page action : Delivery Schedule
 ----------------------------------------------------------------------- 
Log Time :: [2024-08-17 11:43:59] 
 Customer Email : ramasamy@saravanaenergy.com 
 triggered Page action : Your Partner
 ----------------------------------------------------------------------- 
Log Time :: [2024-08-17 11:44:06] 
 Customer Email : ramasamy@saravanaenergy.com 
 triggered Page action : Delivery Schedule
 ----------------------------------------------------------------------- 
Log Time :: [2024-08-17 11:54:34] 
 Customer Email : ramasamy@saravanaenergy.com 
 triggered Page action : Delivery Schedule
 ----------------------------------------------------------------------- 
Log Time :: [2024-08-17 11:54:41] 
 Customer Email : ramasamy@saravanaenergy.com 
 triggered Page action : Your Partner
 ----------------------------------------------------------------------- 
Log Time :: [2024-08-17 11:57:08] 
 Customer Email : ramasamy@saravanaenergy.com 
 triggered Page action : Delivery Schedule
 ----------------------------------------------------------------------- 
Log Time :: [2024-08-17 11:57:16] 
 Customer Email : ramasamy@saravanaenergy.com 
 triggered Page action : Your Partner
 ----------------------------------------------------------------------- 
Log Time :: [2024-08-17 11:58:01] 
 Customer Email : ramasamy@saravanaenergy.com 
 triggered Page action : Analytics - Delivery Trends
 ----------------------------------------------------------------------- 
Log Time :: [2024-08-17 12:02:34] 
 Customer Email : pierre.burton@paclp.com 
 triggered Page action : Delivery Schedule
 ----------------------------------------------------------------------- 
Log Time :: [2024-08-17 12:03:52] 
 Customer Email : ramasamy@saravanaenergy.com 
 triggered Page action : Delivery Schedule
 ----------------------------------------------------------------------- 
Log Time :: [2024-08-17 12:04:53] 
 Customer Email : pierre.burton@paclp.com 
 triggered Page action : Delivery Schedule
 ----------------------------------------------------------------------- 
Log Time :: [2024-08-17 12:10:16] 
 Customer Email : ramasamy@saravanaenergy.com 
 triggered Page action : Delivery Schedule
 ----------------------------------------------------------------------- 
Log Time :: [2024-08-17 12:11:19] 
 Customer Email : ramasamy@saravanaenergy.com 
 triggered Page action : Your Partner
 ----------------------------------------------------------------------- 
Log Time :: [2024-08-17 12:11:22] 
 Customer Email : ramasamy@saravanaenergy.com 
 triggered Page action : Delivery Schedule
 ----------------------------------------------------------------------- 
Log Time :: [2024-08-17 12:13:10] 
 Customer Email : ramasamy@saravanaenergy.com 
 triggered Page action : Delivery Schedule
 ----------------------------------------------------------------------- 
Log Time :: [2024-08-17 12:14:25] 
 Customer Email : ramasamy@saravanaenergy.com 
 triggered Page action : Delivery Schedule
 ----------------------------------------------------------------------- 
Log Time :: [2024-08-17 12:15:05] 
 Customer Email : ramasamy@saravanaenergy.com 
 triggered Page action : Delivery Schedule
 ----------------------------------------------------------------------- 
Log Time :: [2024-08-17 12:16:09] 
 Customer Email : ramasamy@saravanaenergy.com 
 triggered Page action : Delivery Schedule
 ----------------------------------------------------------------------- 
Log Time :: [2024-08-17 12:21:34] 
 Customer Email : ramasamy@saravanaenergy.com 
 triggered Page action : Delivery Schedule
 ----------------------------------------------------------------------- 
Log Time :: [2024-08-17 12:22:57] 
 Customer Email : ramasamy@saravanaenergy.com 
 triggered Page action : Delivery Schedule
 ----------------------------------------------------------------------- 
Log Time :: [2024-08-17 12:24:32] 
 Customer Email : ramasamy@saravanaenergy.com 
 triggered Page action : Delivery Schedule
 ----------------------------------------------------------------------- 
Log Time :: [2024-08-17 12:26:01] 
 Customer Email : ramasamy@saravanaenergy.com 
 triggered Page action : Delivery Schedule
 ----------------------------------------------------------------------- 
Log Time :: [2024-08-17 12:26:19] 
 Customer Email : ramasamy@saravanaenergy.com 
 triggered Page action : Your Partner
 ----------------------------------------------------------------------- 
Log Time :: [2024-08-17 12:27:13] 
 Customer Email : ramasamy@saravanaenergy.com 
 triggered Page action : Delivery Schedule
 ----------------------------------------------------------------------- 
Log Time :: [2024-08-17 12:30:11] 
 Customer Email : ramasamy@saravanaenergy.com 
 triggered Page action : Delivery Schedule
 ----------------------------------------------------------------------- 
Log Time :: [2024-08-17 12:30:57] 
 Customer Email : ramasamy@saravanaenergy.com 
 triggered Page action : Delivery Schedule
 ----------------------------------------------------------------------- 
Log Time :: [2024-08-19 09:54:44] 
 Customer Email : ramasamy@saravanaenergy.com 
 triggered Page action : Delivery Schedule
 ----------------------------------------------------------------------- 
Log Time :: [2024-08-19 09:54:46] 
 Customer Email : ramasamy@saravanaenergy.com 
 triggered Page action : Delivery Schedule
 ----------------------------------------------------------------------- 
Log Time :: [2024-08-19 11:07:37] 
 Customer Email : ramasamy@saravanaenergy.com 
 triggered Page action : Analytics - Delivery Trends
 ----------------------------------------------------------------------- 
Log Time :: [2024-08-19 11:08:05] 
 Customer Email : ramasamy@saravanaenergy.com 
 triggered Page action : Purchase Order
 ----------------------------------------------------------------------- 
Log Time :: [2024-08-19 11:09:25] 
 Customer Email : ramasamy@saravanaenergy.com 
 triggered Page action : Your Partner
 ----------------------------------------------------------------------- 
Log Time :: [2024-08-19 11:12:28] 
 Customer Email : ramasamy@saravanaenergy.com 
 triggered Page action : Analytics - Delivery Trends
 ----------------------------------------------------------------------- 
Log Time :: [2024-08-19 11:13:48] 
 Customer Email : ramasamy@saravanaenergy.com 
 triggered Page action : Delivery Schedule
 ----------------------------------------------------------------------- 
Log Time :: [2024-08-19 11:14:32] 
 Customer Email : ramasamy@saravanaenergy.com 
 triggered Page action : Analytics - Delivery Trends
 ----------------------------------------------------------------------- 
Log Time :: [2024-08-19 11:30:37] 
 Customer Email : ramasamy@saravanaenergy.com 
 triggered Page action : Your Partner
 ----------------------------------------------------------------------- 
Log Time :: [2024-08-19 11:34:06] 
 Customer Email : ramasamy@saravanaenergy.com 
 triggered Page action : Show Invoice
 ----------------------------------------------------------------------- 
Log Time :: [2024-08-19 11:36:16] 
 Customer Email : ramasamy@saravanaenergy.com 
 triggered Page action : Delivery Schedule
 ----------------------------------------------------------------------- 
Log Time :: [2024-08-19 11:40:28] 
 Customer Email : ramasamy@saravanaenergy.com 
 triggered Page action : Delivery Schedule
 ----------------------------------------------------------------------- 
Log Time :: [2024-08-19 11:42:20] 
 Customer Email : ramasamy@saravanaenergy.com 
 triggered Page action : Delivery Schedule
 ----------------------------------------------------------------------- 
Log Time :: [2024-08-19 11:43:24] 
 Customer Email : ramasamy@saravanaenergy.com 
 triggered Page action : Delivery Schedule
 ----------------------------------------------------------------------- 
Log Time :: [2024-08-19 11:43:49] 
 Customer Email : ramasamy@saravanaenergy.com 
 triggered Page action : Your Partner
 ----------------------------------------------------------------------- 
Log Time :: [2024-08-19 11:48:59] 
 Customer Email : nivethan@stellarfashion.in 
 triggered Page action : Delivery Schedule
 ----------------------------------------------------------------------- 
Log Time :: [2024-08-19 11:49:14] 
 Customer Email : nivethan@stellarfashion.in 
 triggered Page action : Your Partner
 ----------------------------------------------------------------------- 
Log Time :: [2024-08-19 11:49:18] 
 Customer Email : nivethan@stellarfashion.in 
 triggered Page action : RFQ List
 ----------------------------------------------------------------------- 
Log Time :: [2024-08-19 11:50:26] 
 Customer Email : nivethan@stellarfashion.in 
 triggered Page action : Your Partner
 ----------------------------------------------------------------------- 
Log Time :: [2024-08-19 11:50:39] 
 Customer Email : nivethan@stellarfashion.in 
 triggered Page action : Delivery Schedule
 ----------------------------------------------------------------------- 
Log Time :: [2024-08-19 11:53:39] 
 Customer Email : nivethan@stellarfashion.in 
 triggered Page action : Delivery Schedule
 ----------------------------------------------------------------------- 
Log Time :: [2024-08-19 11:56:40] 
 Customer Email : nivethan@stellarfashion.in 
 triggered Page action : Delivery Schedule
 ----------------------------------------------------------------------- 
Log Time :: [2024-08-19 11:57:05] 
 Customer Email : nivethan@stellarfashion.in 
 triggered Page action : Your Partner
 ----------------------------------------------------------------------- 
Log Time :: [2024-08-19 11:57:07] 
 Customer Email : nivethan@stellarfashion.in 
 triggered Page action : Analytics - Delivery Trends
 ----------------------------------------------------------------------- 
Log Time :: [2024-08-19 12:00:45] 
 Customer Email : nivethan@stellarfashion.in 
 triggered Page action : Project Dashboard
 ----------------------------------------------------------------------- 
Log Time :: [2024-08-19 12:01:29] 
 Customer Email : nivethan@stellarfashion.in 
 triggered Page action : Show Invoice
 ----------------------------------------------------------------------- 
Log Time :: [2024-08-19 12:07:07] 
 Customer Email : nivethan@stellarfashion.in 
 triggered Page action : Delivery Schedule
 ----------------------------------------------------------------------- 
Log Time :: [2024-08-19 12:08:05] 
 Customer Email : nivethan@stellarfashion.in 
 triggered Page action : Your Partner
 ----------------------------------------------------------------------- 
Log Time :: [2024-08-19 12:08:35] 
 Customer Email : nivethan@stellarfashion.in 
 triggered Page action : Delivery Schedule
 ----------------------------------------------------------------------- 
Log Time :: [2024-08-19 12:09:38] 
 Customer Email : nivethan@stellarfashion.in 
 triggered Page action : Delivery Schedule
 ----------------------------------------------------------------------- 
Log Time :: [2024-08-19 12:11:16] 
 Customer Email : nivethan@stellarfashion.in 
 triggered Page action : Delivery Schedule
 ----------------------------------------------------------------------- 
Log Time :: [2024-08-19 12:12:07] 
 Customer Email : nivethan@stellarfashion.in 
 triggered Page action : Project Dashboard
 ----------------------------------------------------------------------- 
Log Time :: [2024-08-19 12:13:15] 
 Customer Email : nivethan@stellarfashion.in 
 triggered Page action : Delivery Schedule
 ----------------------------------------------------------------------- 
Log Time :: [2024-08-19 12:17:44] 
 Customer Email : nivethan@stellarfashion.in 
 triggered Page action : Delivery Schedule
 ----------------------------------------------------------------------- 
Log Time :: [2024-08-19 12:30:37] 
 Customer Email : nivethan@stellarfashion.in 
 triggered Page action : Delivery Schedule
 ----------------------------------------------------------------------- 
